
  You can now view your Streamlit app in your browser.

  URL: http://127.0.0.1:8501

  For better performance, install the Watchdog module:

  $ xcode-select --install
  $ pip install watchdog
            
/Users/japasco/Library/Python/3.9/lib/python/site-packages/google/api_core/_python_version_support.py:252: FutureWarning: You are using a Python version (3.9.6) past its end of life. Google will update google.api_core with critical bug fixes on a best-effort basis, but not with any other fixes or features. Please upgrade to the latest Python version, or at least Python 3.10, and then update google.api_core.
  warnings.warn(message, FutureWarning)
2025-12-02 22:35:17.106 Please replace `use_container_width` with `width`.

`use_container_width` will be removed after 2025-12-31.

For `use_container_width=True`, use `width='stretch'`. For `use_container_width=False`, use `width='content'`.
2025-12-02 22:35:36.215 Please replace `use_container_width` with `width`.

`use_container_width` will be removed after 2025-12-31.

For `use_container_width=True`, use `width='stretch'`. For `use_container_width=False`, use `width='content'`.
2025-12-02 22:35:37.733 Please replace `use_container_width` with `width`.

`use_container_width` will be removed after 2025-12-31.

For `use_container_width=True`, use `width='stretch'`. For `use_container_width=False`, use `width='content'`.
2025-12-02 22:40:03.493 Please replace `use_container_width` with `width`.

`use_container_width` will be removed after 2025-12-31.

For `use_container_width=True`, use `width='stretch'`. For `use_container_width=False`, use `width='content'`.
2025-12-02 22:40:03.499 Please replace `use_container_width` with `width`.

`use_container_width` will be removed after 2025-12-31.

For `use_container_width=True`, use `width='stretch'`. For `use_container_width=False`, use `width='content'`.
